<?xml version="1.0" encoding="UTF-8"?>
<testsuite name="com.acme.tests.ContractTests" tests="1" skipped="0" failures="0" errors="0" timestamp="2020-04-12T20:51:48" hostname="GARRYs-I9-MBP" time="1.819">
  <properties/>
  <testcase name="canCreateAssetOnLedger" classname="com.acme.tests.ContractTests" time="1.819"/>
  <system-out><![CDATA[?[37m[INFO] 21:51:46,781 [Test worker] cordapp.JarScanningCordappLoader. - Loading CorDapps from RestrictedURL(url=file:/Users/garryjackson/Documents/GitHub/quickstart/cordapp-template-java/workflows/build/generated-custom-cordapps/20200412-205146.482/custom-cordapp_1_5_d5e7ddc3-fa16-465a-b6bd-a9015b714c61.jar, rootPackageName=null), RestrictedURL(url=file:/Users/garryjackson/Documents/GitHub/quickstart/cordapp-template-java/workflows/build/generated-custom-cordapps/20200412-205146.482/custom-cordapp_1_5_61e02f3c-b225-48fe-9d70-52554871761f.jar, rootPackageName=null)
?[m?[37m[INFO] 21:51:46,864 [Test worker] cordapp.JarScanningCordappLoader. - Scanning CorDapp in file:/Users/garryjackson/Documents/GitHub/quickstart/cordapp-template-java/workflows/build/generated-custom-cordapps/20200412-205146.482/custom-cordapp_1_5_d5e7ddc3-fa16-465a-b6bd-a9015b714c61.jar
?[m?[37m[INFO] 21:51:46,972 [Test worker] cordapp.JarScanningCordappLoader. - Scanning CorDapp in file:/Users/garryjackson/Documents/GitHub/quickstart/cordapp-template-java/workflows/build/generated-custom-cordapps/20200412-205146.482/custom-cordapp_1_5_61e02f3c-b225-48fe-9d70-52554871761f.jar
?[m?[37m[INFO] 21:51:47,096 [Test worker] ClassloaderUtils. - Contracts loading for '/var/folders/xl/0rqzrwrj7xd5kw16ht5q_44m0000gn/T/attachment2879851335083223655.jar' took 100 msec
?[m]]></system-out>
  <system-err><![CDATA[]]></system-err>
</testsuite>
